{
  "RSpec": {
    "coverage": {
      "/home/jl/cs-uy-4513-f25-team3/app/helpers/application_helper.rb": {
        "lines": [
          1,
          1,
          0,
          null,
          1,
          20,
          3,
          16,
          1,
          null,
          null,
          null,
          null
        ]
      },
      "/home/jl/cs-uy-4513-f25-team3/app/models/flight.rb": {
        "lines": [
          1,
          null,
          1,
          1,
          null,
          null,
          1,
          1,
          1,
          1,
          1,
          1,
          null
        ]
      },
      "/home/jl/cs-uy-4513-f25-team3/app/models/application_record.rb": {
        "lines": [
          1,
          1,
          null
        ]
      },
      "/home/jl/cs-uy-4513-f25-team3/app/models/hotel.rb": {
        "lines": [
          1,
          null,
          1,
          1,
          null,
          null,
          1,
          1,
          1,
          null,
          null,
          null,
          1,
          1,
          1,
          null
        ]
      },
      "/home/jl/cs-uy-4513-f25-team3/app/models/itinerary_attendee.rb": {
        "lines": [
          1,
          1,
          1,
          null,
          1,
          null,
          null,
          null,
          null
        ]
      },
      "/home/jl/cs-uy-4513-f25-team3/app/models/itinerary_group.rb": {
        "lines": [
          1,
          null,
          null,
          1,
          null,
          1,
          1,
          1,
          null,
          null,
          1,
          1,
          null,
          1,
          1,
          null,
          1,
          null,
          null,
          1,
          1,
          1,
          1,
          1,
          1,
          1,
          null,
          null,
          null,
          null,
          null,
          null,
          null,
          1,
          null,
          null,
          null,
          null,
          null,
          null,
          1,
          null,
          null,
          null,
          null,
          null,
          null,
          1,
          121,
          114,
          3,
          null,
          null,
          null,
          1,
          121,
          114,
          null,
          114,
          2,
          null,
          null,
          null,
          1,
          121,
          1,
          null,
          null,
          null,
          1,
          0,
          null,
          null,
          1,
          0,
          null,
          null,
          1,
          4,
          null,
          null,
          1,
          null,
          1,
          0,
          0,
          null,
          null
        ]
      },
      "/home/jl/cs-uy-4513-f25-team3/app/models/user.rb": {
        "lines": [
          1,
          1,
          1,
          null,
          1,
          1,
          1,
          null,
          1,
          1,
          121,
          121,
          121,
          null,
          1,
          0,
          0,
          0,
          0,
          0,
          0,
          0,
          null,
          null,
          null,
          1,
          18,
          null,
          null,
          1,
          0,
          null,
          null,
          1,
          0,
          null,
          null,
          1,
          3,
          null,
          null,
          null,
          1,
          null,
          1,
          120,
          2,
          null,
          null,
          null
        ]
      },
      "/home/jl/cs-uy-4513-f25-team3/app/controllers/sessions_controller.rb": {
        "lines": [
          1,
          1,
          1,
          1,
          3,
          null,
          null,
          1,
          69,
          69,
          68,
          68,
          68,
          null,
          1,
          1,
          1,
          1,
          null,
          null,
          null,
          null,
          null,
          1,
          1,
          1,
          1,
          null,
          null,
          1,
          0,
          0,
          0,
          0,
          null,
          null,
          1,
          0,
          null,
          null,
          null
        ]
      },
      "/home/jl/cs-uy-4513-f25-team3/app/controllers/application_controller.rb": {
        "lines": [
          1,
          null,
          1,
          1,
          125,
          1,
          null,
          1,
          346,
          null,
          null,
          1,
          68,
          5,
          5,
          null,
          null,
          null,
          1,
          0,
          0,
          0,
          null,
          null,
          null,
          null
        ]
      },
      "/home/jl/cs-uy-4513-f25-team3/app/controllers/flights_controller.rb": {
        "lines": [
          1,
          1,
          1,
          1,
          null,
          1,
          7,
          null,
          7,
          0,
          0,
          0,
          0,
          0,
          0,
          0,
          null,
          null,
          7,
          7,
          1,
          1,
          null,
          null,
          6,
          6,
          1,
          1,
          null,
          null,
          5,
          5,
          5,
          null,
          null,
          null,
          null,
          1,
          null,
          1,
          5,
          null,
          2,
          2,
          null,
          null,
          1,
          5,
          null,
          1,
          1,
          null,
          null,
          1,
          5,
          null,
          null
        ]
      },
      "/home/jl/cs-uy-4513-f25-team3/app/controllers/concerns/search_filterable.rb": {
        "lines": [
          1,
          1,
          null,
          1,
          null,
          1,
          31,
          31,
          null,
          31,
          null,
          5,
          5,
          null,
          5,
          5,
          0,
          0,
          null,
          null,
          5,
          3,
          3,
          null,
          null,
          2,
          null,
          null,
          null,
          1,
          28,
          28,
          null,
          28,
          null,
          15,
          null,
          6,
          null,
          15,
          3,
          3,
          null,
          null,
          3,
          null,
          null,
          1,
          25,
          25,
          null,
          25,
          null,
          3,
          3,
          null,
          3,
          3,
          3,
          null,
          null
        ]
      },
      "/home/jl/cs-uy-4513-f25-team3/app/controllers/hotels_controller.rb": {
        "lines": [
          1,
          1,
          1,
          1,
          null,
          1,
          7,
          null,
          7,
          0,
          0,
          0,
          0,
          0,
          0,
          0,
          null,
          null,
          7,
          7,
          1,
          1,
          null,
          null,
          6,
          6,
          1,
          1,
          null,
          null,
          5,
          5,
          5,
          null,
          null,
          null,
          1,
          null,
          1,
          5,
          null,
          2,
          2,
          null,
          null,
          1,
          5,
          null,
          1,
          1,
          null,
          null,
          1,
          5,
          null,
          null
        ]
      },
      "/home/jl/cs-uy-4513-f25-team3/app/controllers/itineraries_controller.rb": {
        "lines": [
          1,
          1,
          1,
          null,
          null,
          null,
          null,
          1,
          18,
          null,
          18,
          1,
          1,
          1,
          1,
          1,
          1,
          1,
          1,
          1,
          null,
          null,
          17,
          null,
          17,
          17,
          1,
          1,
          null,
          null,
          16,
          16,
          1,
          1,
          null,
          null,
          15,
          15,
          15,
          15,
          15,
          null,
          null,
          null,
          null,
          1,
          null,
          1,
          0,
          null,
          null,
          1,
          17,
          null,
          4,
          4,
          null,
          null,
          null,
          null,
          1,
          15,
          null,
          2,
          2,
          null,
          2,
          2,
          2,
          2,
          null,
          null,
          1,
          15,
          null,
          1,
          null,
          null,
          1,
          15,
          null,
          2,
          2,
          null,
          null,
          1,
          15,
          null,
          null,
          1,
          15,
          null,
          0,
          null,
          null,
          0,
          null,
          null,
          0,
          null,
          null,
          null,
          0,
          0,
          null,
          0,
          null,
          null,
          null
        ]
      },
      "/home/jl/cs-uy-4513-f25-team3/app/controllers/itinerary_groups_controller.rb": {
        "lines": [
          1,
          null,
          1,
          null,
          1,
          1,
          null,
          null,
          1,
          2,
          2,
          null,
          2,
          1,
          1,
          null,
          1,
          1,
          null,
          null,
          null,
          1,
          5,
          null,
          5,
          5,
          null,
          5,
          null,
          null,
          null,
          5,
          null,
          null,
          null,
          null,
          null,
          null,
          null,
          null,
          1,
          8,
          null,
          8,
          4,
          4,
          null,
          4,
          4,
          4,
          null,
          null,
          null,
          1,
          4,
          4,
          null,
          4,
          0,
          0,
          0,
          null,
          4,
          4,
          null,
          null,
          null,
          1,
          2,
          null,
          2,
          1,
          null,
          null,
          null,
          1,
          5,
          5,
          1,
          1,
          null,
          4,
          3,
          null,
          4,
          4,
          0,
          0,
          null,
          4,
          null,
          null,
          null,
          null,
          1,
          0,
          null,
          0,
          null,
          null,
          null,
          null,
          0,
          0,
          0,
          null,
          0,
          null,
          null,
          0,
          null,
          null,
          1,
          null,
          1,
          4,
          0,
          null,
          0,
          null,
          null,
          null,
          1,
          10,
          null,
          null,
          null,
          null,
          null,
          null,
          null,
          1,
          16,
          16,
          3,
          3,
          null,
          null,
          null
        ]
      },
      "/home/jl/cs-uy-4513-f25-team3/app/models/itinerary_flight.rb": {
        "lines": [
          1,
          1,
          1,
          null,
          1,
          null
        ]
      },
      "/home/jl/cs-uy-4513-f25-team3/app/models/itinerary_hotel.rb": {
        "lines": [
          1,
          1,
          1,
          null,
          1,
          null
        ]
      },
      "/home/jl/cs-uy-4513-f25-team3/app/controllers/users_controller.rb": {
        "lines": [
          1,
          1,
          1,
          null,
          1,
          0,
          null,
          null,
          1,
          4,
          null,
          4,
          1,
          1,
          1,
          null,
          3,
          null,
          null,
          null,
          1,
          0,
          0,
          0,
          null,
          null,
          null,
          1,
          2,
          0,
          0,
          null,
          null,
          null,
          null,
          2,
          null,
          2,
          2,
          null,
          null,
          2,
          2,
          2,
          null,
          0,
          0,
          0,
          null,
          0,
          0,
          0,
          null,
          0,
          0,
          0,
          null,
          null,
          2,
          null,
          null,
          1,
          1,
          null,
          null,
          1,
          1,
          1,
          null,
          0,
          0,
          null,
          null,
          null,
          null,
          null,
          1,
          null,
          1,
          2,
          2,
          null,
          null,
          null,
          1,
          6,
          null,
          null,
          null,
          null,
          null,
          null,
          null,
          null,
          null,
          null,
          null,
          null
        ]
      },
      "/home/jl/cs-uy-4513-f25-team3/app/controllers/accounts_controller.rb": {
        "lines": [
          1,
          1,
          null,
          1,
          12,
          3,
          3,
          null,
          null,
          null,
          1,
          5,
          null,
          1,
          2,
          2,
          0,
          null,
          null,
          2,
          1,
          1,
          null,
          1,
          null,
          null,
          1,
          2,
          2,
          0,
          null,
          2,
          2,
          1,
          1,
          null,
          1,
          null,
          null,
          null,
          null
        ]
      },
      "/home/jl/cs-uy-4513-f25-team3/app/controllers/messages_controller.rb": {
        "lines": [
          0,
          0,
          0,
          null,
          0,
          0,
          0,
          null,
          0,
          0,
          null,
          0,
          0,
          0,
          0,
          0,
          null,
          0,
          0,
          0,
          0,
          0,
          0,
          0,
          0,
          0,
          0,
          0,
          0,
          0,
          null,
          0,
          0,
          null,
          0,
          0,
          null,
          0,
          0,
          0,
          0,
          null,
          0,
          0,
          null,
          0,
          null,
          0,
          0,
          0,
          0,
          null,
          0,
          0,
          0,
          0,
          null,
          0,
          0,
          0,
          0,
          0
        ],
        "branches": {}
      },
      "/home/jl/cs-uy-4513-f25-team3/app/jobs/application_job.rb": {
        "lines": [
          0,
          null,
          null,
          null,
          null,
          null,
          0
        ],
        "branches": {}
      },
      "/home/jl/cs-uy-4513-f25-team3/app/mailers/application_mailer.rb": {
        "lines": [
          0,
          0,
          0,
          0
        ],
        "branches": {}
      },
      "/home/jl/cs-uy-4513-f25-team3/app/models/message.rb": {
        "lines": [
          0,
          0,
          0,
          0
        ],
        "branches": {}
      }
    },
    "timestamp": 1765486989
  },
  "Cucumber Features": {
    "coverage": {
      "/home/jl/cs-uy-4513-f25-team3/app/models/user.rb": {
        "lines": [
          1,
          1,
          1,
          null,
          1,
          1,
          1,
          null,
          1,
          1,
          199,
          199,
          199,
          null,
          1,
          0,
          0,
          0,
          0,
          0,
          0,
          0,
          null,
          null,
          null,
          1,
          14,
          null,
          null,
          1,
          0,
          null,
          null,
          1,
          0,
          null,
          null,
          1,
          15,
          null,
          null,
          null,
          1,
          null,
          1,
          198,
          2,
          null,
          null,
          null
        ]
      },
      "/home/jl/cs-uy-4513-f25-team3/app/models/application_record.rb": {
        "lines": [
          1,
          1,
          null
        ]
      },
      "/home/jl/cs-uy-4513-f25-team3/app/controllers/sessions_controller.rb": {
        "lines": [
          1,
          1,
          1,
          1,
          45,
          null,
          null,
          1,
          38,
          38,
          36,
          36,
          36,
          null,
          2,
          2,
          2,
          2,
          null,
          null,
          null,
          null,
          null,
          1,
          2,
          2,
          2,
          null,
          null,
          1,
          0,
          0,
          0,
          0,
          null,
          null,
          1,
          0,
          null,
          null,
          null
        ]
      },
      "/home/jl/cs-uy-4513-f25-team3/app/controllers/application_controller.rb": {
        "lines": [
          1,
          null,
          1,
          1,
          239,
          1,
          null,
          1,
          1548,
          null,
          null,
          1,
          231,
          5,
          5,
          null,
          null,
          null,
          1,
          0,
          0,
          0,
          null,
          null,
          null,
          null
        ]
      },
      "/home/jl/cs-uy-4513-f25-team3/app/helpers/application_helper.rb": {
        "lines": [
          1,
          1,
          0,
          null,
          1,
          50,
          23,
          25,
          2,
          null,
          null,
          null,
          null
        ]
      },
      "/home/jl/cs-uy-4513-f25-team3/app/controllers/itineraries_controller.rb": {
        "lines": [
          1,
          1,
          1,
          null,
          null,
          null,
          null,
          1,
          84,
          null,
          84,
          1,
          1,
          1,
          1,
          1,
          1,
          1,
          1,
          1,
          null,
          null,
          83,
          null,
          83,
          83,
          1,
          1,
          null,
          null,
          82,
          82,
          1,
          1,
          null,
          null,
          81,
          81,
          81,
          81,
          81,
          null,
          null,
          null,
          null,
          1,
          null,
          1,
          0,
          null,
          null,
          1,
          83,
          null,
          8,
          8,
          null,
          null,
          null,
          null,
          1,
          81,
          null,
          3,
          3,
          null,
          3,
          3,
          3,
          3,
          null,
          null,
          1,
          81,
          null,
          1,
          null,
          null,
          1,
          81,
          null,
          12,
          12,
          null,
          null,
          1,
          81,
          null,
          null,
          1,
          81,
          null,
          0,
          null,
          null,
          0,
          null,
          null,
          0,
          null,
          null,
          null,
          0,
          0,
          null,
          0,
          null,
          null,
          null
        ]
      },
      "/home/jl/cs-uy-4513-f25-team3/app/controllers/concerns/search_filterable.rb": {
        "lines": [
          1,
          1,
          null,
          1,
          null,
          1,
          109,
          109,
          null,
          109,
          null,
          6,
          6,
          null,
          6,
          6,
          0,
          0,
          null,
          null,
          6,
          3,
          3,
          null,
          null,
          3,
          null,
          null,
          null,
          1,
          106,
          106,
          null,
          106,
          null,
          15,
          null,
          6,
          null,
          15,
          3,
          3,
          null,
          null,
          3,
          null,
          null,
          1,
          103,
          103,
          null,
          103,
          null,
          3,
          3,
          null,
          3,
          3,
          3,
          null,
          null
        ]
      },
      "/home/jl/cs-uy-4513-f25-team3/app/models/itinerary_group.rb": {
        "lines": [
          1,
          null,
          null,
          1,
          null,
          1,
          1,
          1,
          null,
          null,
          1,
          1,
          null,
          1,
          1,
          null,
          1,
          null,
          null,
          1,
          1,
          1,
          1,
          1,
          1,
          1,
          null,
          null,
          null,
          null,
          null,
          null,
          null,
          1,
          null,
          null,
          null,
          null,
          null,
          null,
          1,
          null,
          null,
          null,
          null,
          null,
          null,
          1,
          192,
          192,
          2,
          null,
          null,
          null,
          1,
          192,
          192,
          null,
          192,
          1,
          null,
          null,
          null,
          1,
          192,
          3,
          null,
          null,
          null,
          1,
          0,
          null,
          null,
          1,
          129,
          null,
          null,
          1,
          29,
          null,
          null,
          1,
          null,
          1,
          0,
          0,
          null,
          null
        ]
      },
      "/home/jl/cs-uy-4513-f25-team3/app/controllers/itinerary_groups_controller.rb": {
        "lines": [
          1,
          null,
          1,
          null,
          1,
          7,
          null,
          null,
          1,
          7,
          7,
          null,
          7,
          1,
          1,
          null,
          6,
          6,
          null,
          null,
          null,
          1,
          12,
          null,
          12,
          12,
          null,
          12,
          null,
          null,
          null,
          12,
          null,
          null,
          null,
          null,
          null,
          null,
          null,
          null,
          1,
          10,
          null,
          10,
          7,
          7,
          null,
          3,
          3,
          3,
          null,
          null,
          null,
          1,
          34,
          34,
          null,
          34,
          5,
          5,
          5,
          null,
          29,
          29,
          null,
          null,
          null,
          1,
          4,
          null,
          4,
          0,
          null,
          null,
          null,
          1,
          9,
          9,
          4,
          4,
          null,
          5,
          5,
          null,
          5,
          5,
          0,
          0,
          null,
          5,
          null,
          null,
          null,
          null,
          1,
          0,
          null,
          0,
          null,
          null,
          null,
          null,
          0,
          0,
          0,
          null,
          0,
          null,
          null,
          0,
          null,
          null,
          1,
          null,
          1,
          34,
          13,
          null,
          13,
          null,
          null,
          null,
          1,
          17,
          null,
          null,
          null,
          null,
          null,
          null,
          null,
          1,
          23,
          23,
          1,
          1,
          null,
          null,
          null
        ]
      },
      "/home/jl/cs-uy-4513-f25-team3/app/models/itinerary_attendee.rb": {
        "lines": [
          1,
          1,
          1,
          null,
          1,
          null,
          null,
          null,
          null
        ]
      },
      "/home/jl/cs-uy-4513-f25-team3/app/models/itinerary_flight.rb": {
        "lines": [
          1,
          1,
          1,
          null,
          1,
          null
        ]
      },
      "/home/jl/cs-uy-4513-f25-team3/app/models/flight.rb": {
        "lines": [
          1,
          null,
          1,
          1,
          null,
          null,
          1,
          1,
          1,
          1,
          1,
          1,
          null
        ]
      },
      "/home/jl/cs-uy-4513-f25-team3/app/models/itinerary_hotel.rb": {
        "lines": [
          1,
          1,
          1,
          null,
          1,
          null
        ]
      },
      "/home/jl/cs-uy-4513-f25-team3/app/models/hotel.rb": {
        "lines": [
          1,
          null,
          1,
          1,
          null,
          null,
          1,
          1,
          1,
          null,
          null,
          null,
          1,
          1,
          1,
          null
        ]
      },
      "/home/jl/cs-uy-4513-f25-team3/app/controllers/flights_controller.rb": {
        "lines": [
          1,
          1,
          1,
          1,
          null,
          1,
          13,
          null,
          13,
          0,
          0,
          0,
          0,
          0,
          0,
          0,
          null,
          null,
          13,
          13,
          1,
          1,
          null,
          null,
          12,
          12,
          1,
          1,
          null,
          null,
          11,
          11,
          11,
          null,
          null,
          null,
          null,
          1,
          null,
          1,
          11,
          null,
          2,
          2,
          null,
          null,
          1,
          11,
          null,
          1,
          1,
          null,
          null,
          1,
          11,
          null,
          null
        ]
      },
      "/home/jl/cs-uy-4513-f25-team3/app/models/message.rb": {
        "lines": [
          1,
          1,
          1,
          null
        ]
      },
      "/home/jl/cs-uy-4513-f25-team3/app/controllers/messages_controller.rb": {
        "lines": [
          1,
          1,
          1,
          null,
          1,
          24,
          null,
          null,
          1,
          5,
          null,
          5,
          null,
          4,
          3,
          null,
          null,
          1,
          null,
          null,
          null,
          null,
          null,
          null,
          3,
          3,
          null,
          4,
          null,
          null,
          null,
          5,
          null,
          null,
          1,
          1,
          null,
          1,
          1,
          1,
          null,
          null,
          1,
          null,
          null,
          1,
          null,
          1,
          29,
          29,
          null,
          null,
          1,
          29,
          29,
          29,
          null,
          0,
          0,
          0,
          null,
          null
        ]
      },
      "/home/jl/cs-uy-4513-f25-team3/app/controllers/hotels_controller.rb": {
        "lines": [
          1,
          1,
          1,
          1,
          null,
          1,
          13,
          null,
          13,
          0,
          0,
          0,
          0,
          0,
          0,
          0,
          null,
          null,
          13,
          13,
          1,
          1,
          null,
          null,
          12,
          12,
          1,
          1,
          null,
          null,
          11,
          11,
          11,
          null,
          null,
          null,
          1,
          null,
          1,
          11,
          null,
          2,
          2,
          null,
          null,
          1,
          11,
          null,
          1,
          1,
          null,
          null,
          1,
          11,
          null,
          null
        ]
      },
      "/home/jl/cs-uy-4513-f25-team3/app/controllers/users_controller.rb": {
        "lines": [
          1,
          1,
          1,
          null,
          1,
          5,
          null,
          null,
          1,
          5,
          null,
          5,
          2,
          2,
          2,
          null,
          3,
          null,
          null,
          null,
          1,
          9,
          9,
          1,
          null,
          null,
          null,
          1,
          6,
          0,
          0,
          null,
          null,
          null,
          null,
          6,
          null,
          6,
          6,
          null,
          null,
          6,
          4,
          4,
          null,
          2,
          0,
          0,
          null,
          2,
          0,
          0,
          null,
          2,
          1,
          1,
          null,
          null,
          5,
          null,
          null,
          0,
          0,
          null,
          null,
          5,
          5,
          5,
          null,
          0,
          0,
          null,
          null,
          null,
          null,
          null,
          1,
          null,
          1,
          15,
          15,
          null,
          null,
          null,
          1,
          11,
          null,
          null,
          null,
          null,
          null,
          null,
          null,
          null,
          null,
          null,
          null,
          null
        ]
      },
      "/home/jl/cs-uy-4513-f25-team3/app/controllers/accounts_controller.rb": {
        "lines": [
          1,
          1,
          null,
          1,
          11,
          1,
          1,
          null,
          null,
          null,
          1,
          7,
          null,
          1,
          1,
          1,
          0,
          null,
          null,
          1,
          1,
          1,
          null,
          0,
          null,
          null,
          1,
          2,
          2,
          0,
          null,
          2,
          2,
          2,
          2,
          null,
          0,
          null,
          null,
          null,
          null
        ]
      },
      "/home/jl/cs-uy-4513-f25-team3/app/jobs/application_job.rb": {
        "lines": [
          0,
          null,
          null,
          null,
          null,
          null,
          0
        ],
        "branches": {}
      },
      "/home/jl/cs-uy-4513-f25-team3/app/mailers/application_mailer.rb": {
        "lines": [
          0,
          0,
          0,
          0
        ],
        "branches": {}
      }
    },
    "timestamp": 1765487075
  }
}
