{
  "Cucumber Features": {
    "coverage": {
      "/mnt/d/Users/Muath/Documents/GitHub/cs-uy-4513-f25-team3/app/controllers/sessions_controller.rb": {
        "lines": [
          1,
          1,
          4,
          null,
          null,
          1,
          4,
          4,
          2,
          2,
          2,
          null,
          2,
          2,
          2,
          null,
          null,
          null,
          1,
          0,
          0,
          0,
          null,
          null
        ]
      },
      "/mnt/d/Users/Muath/Documents/GitHub/cs-uy-4513-f25-team3/app/controllers/application_controller.rb": {
        "lines": [
          1,
          null,
          1,
          null,
          null,
          1,
          2,
          0,
          0,
          null,
          null,
          null,
          null
        ]
      },
      "/mnt/d/Users/Muath/Documents/GitHub/cs-uy-4513-f25-team3/app/helpers/application_helper.rb": {
        "lines": [
          1,
          1,
          4,
          null,
          null
        ]
      },
      "/mnt/d/Users/Muath/Documents/GitHub/cs-uy-4513-f25-team3/app/models/user.rb": {
        "lines": [
          1,
          1,
          1,
          1,
          null,
          null
        ]
      },
      "/mnt/d/Users/Muath/Documents/GitHub/cs-uy-4513-f25-team3/app/models/application_record.rb": {
        "lines": [
          1,
          1,
          null
        ]
      },
      "/mnt/d/Users/Muath/Documents/GitHub/cs-uy-4513-f25-team3/app/controllers/itineraries_controller.rb": {
        "lines": [
          1,
          1,
          null,
          1,
          null,
          null,
          null
        ]
      },
      "/mnt/d/Users/Muath/Documents/GitHub/cs-uy-4513-f25-team3/app/controllers/itinerary_groups_controller.rb": {
        "lines": [
          0,
          0,
          0,
          0,
          null,
          0,
          0,
          null,
          0,
          0,
          0,
          0,
          0,
          0,
          0,
          null,
          0,
          0,
          0,
          null,
          0,
          0,
          0,
          null,
          0,
          0,
          0,
          0,
          0,
          0,
          0,
          0,
          0,
          0,
          null,
          0,
          null,
          0,
          0,
          0,
          0
        ],
        "branches": {}
      },
      "/mnt/d/Users/Muath/Documents/GitHub/cs-uy-4513-f25-team3/app/jobs/application_job.rb": {
        "lines": [
          0,
          null,
          null,
          null,
          null,
          null,
          0
        ],
        "branches": {}
      },
      "/mnt/d/Users/Muath/Documents/GitHub/cs-uy-4513-f25-team3/app/mailers/application_mailer.rb": {
        "lines": [
          0,
          0,
          0,
          0
        ],
        "branches": {}
      },
      "/mnt/d/Users/Muath/Documents/GitHub/cs-uy-4513-f25-team3/app/models/itinerary_group.rb": {
        "lines": [
          0,
          0,
          0
        ],
        "branches": {}
      }
    },
    "timestamp": 1764776400
  },
  "RSpec": {
    "coverage": {
      "/mnt/d/Users/Muath/Documents/GitHub/cs-uy-4513-f25-team3/app/helpers/application_helper.rb": {
        "lines": [
          1,
          1,
          0,
          null,
          null
        ]
      },
      "/mnt/d/Users/Muath/Documents/GitHub/cs-uy-4513-f25-team3/app/models/itinerary_group.rb": {
        "lines": [
          1,
          1,
          null
        ]
      },
      "/mnt/d/Users/Muath/Documents/GitHub/cs-uy-4513-f25-team3/app/models/application_record.rb": {
        "lines": [
          1,
          1,
          null
        ]
      },
      "/mnt/d/Users/Muath/Documents/GitHub/cs-uy-4513-f25-team3/app/models/user.rb": {
        "lines": [
          1,
          1,
          1,
          1,
          null,
          null
        ]
      },
      "/mnt/d/Users/Muath/Documents/GitHub/cs-uy-4513-f25-team3/app/controllers/itinerary_groups_controller.rb": {
        "lines": [
          1,
          1,
          1,
          null,
          null,
          1,
          2,
          null,
          2,
          2,
          2,
          null,
          0,
          null,
          null,
          null,
          1,
          0,
          null,
          null,
          1,
          0,
          null,
          null,
          1,
          0,
          0,
          0,
          0,
          null,
          0,
          0,
          null,
          null,
          null,
          1,
          null,
          1,
          2,
          null,
          null
        ]
      },
      "/mnt/d/Users/Muath/Documents/GitHub/cs-uy-4513-f25-team3/app/controllers/application_controller.rb": {
        "lines": [
          1,
          null,
          1,
          null,
          null,
          1,
          0,
          0,
          0,
          null,
          null,
          null,
          null
        ]
      },
      "/mnt/d/Users/Muath/Documents/GitHub/cs-uy-4513-f25-team3/app/controllers/itineraries_controller.rb": {
        "lines": [
          0,
          0,
          null,
          0,
          null,
          0,
          0
        ],
        "branches": {}
      },
      "/mnt/d/Users/Muath/Documents/GitHub/cs-uy-4513-f25-team3/app/controllers/sessions_controller.rb": {
        "lines": [
          0,
          0,
          0,
          0,
          null,
          0,
          0,
          0,
          0,
          0,
          0,
          0,
          0,
          0,
          0,
          0,
          0,
          null,
          0,
          0,
          0,
          0,
          0,
          0
        ],
        "branches": {}
      },
      "/mnt/d/Users/Muath/Documents/GitHub/cs-uy-4513-f25-team3/app/jobs/application_job.rb": {
        "lines": [
          0,
          null,
          null,
          null,
          null,
          null,
          0
        ],
        "branches": {}
      },
      "/mnt/d/Users/Muath/Documents/GitHub/cs-uy-4513-f25-team3/app/mailers/application_mailer.rb": {
        "lines": [
          0,
          0,
          0,
          0
        ],
        "branches": {}
      }
    },
    "timestamp": 1764776534
  }
}
